# JRE version: OpenJDK Runtime Environment Microsoft-9388408 (17.0.11+9) (build 17.0.11+9-LTS)
# Java VM: OpenJDK 64-Bit Server VM Microsoft-9388408 (17.0.11+9-LTS, mixed mode, sharing, tiered, compressed oops, compressed class ptrs, g1 gc, windows-amd64)
GC Precious Log:
 CPUs: 4 total, 4 available
 Memory: 8072M
 Large Page Support: Disabled
 NUMA Support: Disabled
 Compressed Oops: Enabled (32-bit)
 Heap Region Size: 1M
 Heap Min Capacity: 8M
 Heap Initial Capacity: 128M
 Heap Max Capacity: 2G
 Pre-touch: Disabled
 Parallel Workers: 4
 Concurrent Workers: 1
 Concurrent Refinement Workers: 4
 Periodic GC: Disabled
Heap:
 garbage-first heap   total 212992K, used 139392K [0x0000000080000000, 0x0000000100000000)
  region size 1024K, 71 young (72704K), 2 survivors (2048K)
 Metaspace       used 72510K, committed 73408K, reserved 491520K
  class space    used 10332K, committed 10752K, reserved 425984K
GC Heap History (20 events):
Event: 20.987 GC heap before
{Heap before GC invocations=19 (full 0):
 garbage-first heap   total 89088K, used 55512K [0x0000000080000000, 0x0000000100000000)
  region size 1024K, 4 young (4096K), 3 survivors (3072K)
 Metaspace       used 56187K, committed 56832K, reserved 491520K
  class space    used 7895K, committed 8192K, reserved 425984K
}
Event: 20.992 GC heap after
{Heap after GC invocations=20 (full 0):
 garbage-first heap   total 89088K, used 54209K [0x0000000080000000, 0x0000000100000000)
  region size 1024K, 1 young (1024K), 1 survivors (1024K)
 Metaspace       used 56187K, committed 56832K, reserved 491520K
  class space    used 7895K, committed 8192K, reserved 425984K
}
Event: 21.406 GC heap before
{Heap before GC invocations=20 (full 0):
 garbage-first heap   total 89088K, used 74689K [0x0000000080000000, 0x0000000100000000)
  region size 1024K, 21 young (21504K), 1 survivors (1024K)
 Metaspace       used 57666K, committed 58368K, reserved 491520K
  class space    used 8101K, committed 8448K, reserved 425984K
}
Event: 21.409 GC heap after
{Heap after GC invocations=21 (full 0):
 garbage-first heap   total 89088K, used 54879K [0x0000000080000000, 0x0000000100000000)
  region size 1024K, 1 young (1024K), 1 survivors (1024K)
 Metaspace       used 57666K, committed 58368K, reserved 491520K
  class space    used 8101K, committed 8448K, reserved 425984K
}
Event: 21.747 GC heap before
{Heap before GC invocations=22 (full 0):
 garbage-first heap   total 102400K, used 74335K [0x0000000080000000, 0x0000000100000000)
  region size 1024K, 20 young (20480K), 1 survivors (1024K)
 Metaspace       used 58767K, committed 59456K, reserved 491520K
  class space    used 8253K, committed 8576K, reserved 425984K
}
Event: 21.751 GC heap after
{Heap after GC invocations=23 (full 0):
 garbage-first heap   total 102400K, used 55386K [0x0000000080000000, 0x0000000100000000)
  region size 1024K, 2 young (2048K), 2 survivors (2048K)
 Metaspace       used 58767K, committed 59456K, reserved 491520K
  class space    used 8253K, committed 8576K, reserved 425984K
}
Event: 21.850 GC heap before
{Heap before GC invocations=23 (full 0):
 garbage-first heap   total 102400K, used 58458K [0x0000000080000000, 0x0000000100000000)
  region size 1024K, 5 young (5120K), 2 survivors (2048K)
 Metaspace       used 59136K, committed 59840K, reserved 491520K
  class space    used 8316K, committed 8640K, reserved 425984K
}
Event: 21.857 GC heap after
{Heap after GC invocations=24 (full 0):
 garbage-first heap   total 102400K, used 54984K [0x0000000080000000, 0x0000000100000000)
  region size 1024K, 1 young (1024K), 1 survivors (1024K)
 Metaspace       used 59136K, committed 59840K, reserved 491520K
  class space    used 8316K, committed 8640K, reserved 425984K
}
Event: 23.119 GC heap before
{Heap before GC invocations=24 (full 0):
 garbage-first heap   total 102400K, used 83656K [0x0000000080000000, 0x0000000100000000)
  region size 1024K, 29 young (29696K), 1 survivors (1024K)
 Metaspace       used 61571K, committed 62272K, reserved 491520K
  class space    used 8733K, committed 9024K, reserved 425984K
}
Event: 23.128 GC heap after
{Heap after GC invocations=25 (full 0):
 garbage-first heap   total 102400K, used 56063K [0x0000000080000000, 0x0000000100000000)
  region size 1024K, 2 young (2048K), 2 survivors (2048K)
 Metaspace       used 61571K, committed 62272K, reserved 491520K
  class space    used 8733K, committed 9024K, reserved 425984K
}
Event: 23.872 GC heap before
{Heap before GC invocations=26 (full 0):
 garbage-first heap   total 106496K, used 86783K [0x0000000080000000, 0x0000000100000000)
  region size 1024K, 29 young (29696K), 2 survivors (2048K)
 Metaspace       used 62896K, committed 63552K, reserved 491520K
  class space    used 8935K, committed 9216K, reserved 425984K
}
Event: 23.877 GC heap after
{Heap after GC invocations=27 (full 0):
 garbage-first heap   total 106496K, used 60403K [0x0000000080000000, 0x0000000100000000)
  region size 1024K, 3 young (3072K), 3 survivors (3072K)
 Metaspace       used 62896K, committed 63552K, reserved 491520K
  class space    used 8935K, committed 9216K, reserved 425984K
}
Event: 23.952 GC heap before
{Heap before GC invocations=27 (full 0):
 garbage-first heap   total 106496K, used 62451K [0x0000000080000000, 0x0000000100000000)
  region size 1024K, 5 young (5120K), 3 survivors (3072K)
 Metaspace       used 63013K, committed 63680K, reserved 491520K
  class space    used 8954K, committed 9280K, reserved 425984K
}
Event: 23.958 GC heap after
{Heap after GC invocations=28 (full 0):
 garbage-first heap   total 106496K, used 60237K [0x0000000080000000, 0x0000000100000000)
  region size 1024K, 1 young (1024K), 1 survivors (1024K)
 Metaspace       used 63013K, committed 63680K, reserved 491520K
  class space    used 8954K, committed 9280K, reserved 425984K
}
Event: 25.343 GC heap before
{Heap before GC invocations=28 (full 0):
 garbage-first heap   total 106496K, used 87885K [0x0000000080000000, 0x0000000100000000)
  region size 1024K, 29 young (29696K), 1 survivors (1024K)
 Metaspace       used 64368K, committed 65024K, reserved 491520K
  class space    used 9144K, committed 9472K, reserved 425984K
}
Event: 25.349 GC heap after
{Heap after GC invocations=29 (full 0):
 garbage-first heap   total 212992K, used 62217K [0x0000000080000000, 0x0000000100000000)
  region size 1024K, 3 young (3072K), 3 survivors (3072K)
 Metaspace       used 64368K, committed 65024K, reserved 491520K
  class space    used 9144K, committed 9472K, reserved 425984K
}
Event: 34.576 GC heap before
{Heap before GC invocations=30 (full 0):
 garbage-first heap   total 212992K, used 157449K [0x0000000080000000, 0x0000000100000000)
  region size 1024K, 97 young (99328K), 3 survivors (3072K)
 Metaspace       used 70726K, committed 71552K, reserved 491520K
  class space    used 10112K, committed 10496K, reserved 425984K
}
Event: 34.595 GC heap after
{Heap after GC invocations=31 (full 0):
 garbage-first heap   total 212992K, used 69612K [0x0000000080000000, 0x0000000100000000)
  region size 1024K, 10 young (10240K), 10 survivors (10240K)
 Metaspace       used 70726K, committed 71552K, reserved 491520K
  class space    used 10112K, committed 10496K, reserved 425984K
}
Event: 34.721 GC heap before
{Heap before GC invocations=31 (full 0):
 garbage-first heap   total 212992K, used 70636K [0x0000000080000000, 0x0000000100000000)
  region size 1024K, 11 young (11264K), 10 survivors (10240K)
 Metaspace       used 70796K, committed 71616K, reserved 491520K
  class space    used 10123K, committed 10496K, reserved 425984K
}
Event: 34.744 GC heap after
{Heap after GC invocations=32 (full 0):
 garbage-first heap   total 212992K, used 70784K [0x0000000080000000, 0x0000000100000000)
  region size 1024K, 2 young (2048K), 2 survivors (2048K)
 Metaspace       used 70796K, committed 71616K, reserved 491520K
  class space    used 10123K, committed 10496K, reserved 425984K
}

